"D:/University/Uni Year 3/IGP/IceBlastGame/Content/Blueprints/JAKES/UI/BP_LevelInstance.uasset" 0
"D:/University/Uni Year 3/IGP/IceBlastGame/Content/Blueprints/IceCharacter/PC_Player.uasset" 1
"../../../Engine/Content/EditorBlueprintResources/StandardMacros.uasset" 2
"../../../Engine/Content/EngineSounds/Master.uasset" 3
"D:/University/Uni Year 3/IGP/IceBlastGame/Content/Assets/Sounds/GameVolumeSoundMix.uasset" 4
"D:/University/Uni Year 3/IGP/IceBlastGame/Content/Blueprints/Interfaces/BPI_GameMode.uasset" 5
"D:/University/Uni Year 3/IGP/IceBlastGame/Content/Blueprints/Interfaces/BPI_PlayerChar.uasset" 6
"D:/University/Uni Year 3/IGP/IceBlastGame/Content/Blueprints/GameModeSetup/BP_RespawnPoint.uasset" 7
"../../../Engine/Content/EngineFonts/Faces/DroidSansMono.uasset" 8
"../../../Engine/Content/EngineFonts/Faces/DroidSansFallback.uasset" 9
"../../../Engine/Content/EngineFonts/DroidSansMono.uasset" 10
"D:/University/Uni Year 3/IGP/IceBlastGame/Content/Assets/Sounds/ButtonClick.uasset" 11
"D:/University/Uni Year 3/IGP/IceBlastGame/Content/Assets/UI/IceMainButton.uasset" 12
"D:/University/Uni Year 3/IGP/IceBlastGame/Content/Assets/UI/IceMainButton_Hovered.uasset" 13
"D:/University/Uni Year 3/IGP/IceBlastGame/Content/Blueprints/JAKES/UI/PauseScreen.uasset" 14
"D:/University/Uni Year 3/IGP/IceBlastGame/Content/Blueprints/IceCharacter/CharacterAssets/IceCubeBoi_SK_Skeleton.uasset" 15
"D:/University/Uni Year 3/IGP/IceBlastGame/Content/Blueprints/IceCharacter/CharacterAssets/IceCubeBoi_SK_PhysicsAsset.uasset" 16
"D:/University/Uni Year 3/IGP/IceBlastGame/Content/Blueprints/IceCharacter/CharacterAssets/T_Outside.uasset" 17
"D:/University/Uni Year 3/IGP/IceBlastGame/Content/Blueprints/IceCharacter/CharacterAssets/Material__68.uasset" 18
"D:/University/Uni Year 3/IGP/IceBlastGame/Content/Blueprints/IceCharacter/CharacterAssets/T_InsideFace.uasset" 19
"D:/University/Uni Year 3/IGP/IceBlastGame/Content/Blueprints/IceCharacter/CharacterAssets/01_-_Default.uasset" 20
"D:/University/Uni Year 3/IGP/IceBlastGame/Content/Blueprints/IceCharacter/CharacterAssets/IceCubeBoi_SK.uasset" 21
"D:/University/Uni Year 3/IGP/IceBlastGame/Content/Blueprints/IceCharacter/IceBlast_BP.uasset" 22
"D:/University/Uni Year 3/IGP/IceBlastGame/Content/Blueprints/GameModeSetup/GM_GameMode_BP.uasset" 23
"D:/University/Uni Year 3/IGP/IceBlastGame/Content/GM_GameMode_BP.uasset" 24
"D:/University/Uni Year 3/IGP/IceBlastGame/Content/IceBlast_BP.uasset" 25
"D:/University/Uni Year 3/IGP/IceBlastGame/Content/Assets/CharCube.uasset" 26
"D:/University/Uni Year 3/IGP/IceBlastGame/Content/Assets/Materials/TreeGradient.uasset" 27
"D:/University/Uni Year 3/IGP/IceBlastGame/Content/Assets/Materials/Material__27.uasset" 28
"D:/University/Uni Year 3/IGP/IceBlastGame/Content/Assets/Character/IglooLeft.uasset" 29
"D:/University/Uni Year 3/IGP/IceBlastGame/Content/Assets/Character/IglooRight.uasset" 30
"D:/University/Uni Year 3/IGP/IceBlastGame/Content/Assets/UI/IceButtons_Hovered.uasset" 31
"../../../Engine/Content/EngineMeshes/SkeletalCube_Skeleton.uasset" 32
"D:/University/Uni Year 3/IGP/IceBlastGame/Content/Blueprints/IceCharacter/Cube_PhysicsAsset.uasset" 33
"D:/University/Uni Year 3/IGP/IceBlastGame/Content/Blueprints/IceCharacter/SkeletalCube1.uasset" 34
"D:/University/Uni Year 3/IGP/IceBlastGame/Content/Blueprints/IceCharacter/SkeletalCubeTest_PhysicsAsset.uasset" 35
"D:/University/Uni Year 3/IGP/IceBlastGame/Content/Blueprints/IceCharacter/SkeletalCube_Skeleton1.uasset" 36
"D:/University/Uni Year 3/IGP/IceBlastGame/Content/Blueprints/IceCharacter/SkeletalCubeTest.uasset" 37
"D:/University/Uni Year 3/IGP/IceBlastGame/Content/Blueprints/IceCharacter/CharacterAssets/Material__69.uasset" 38
"D:/University/Uni Year 3/IGP/IceBlastGame/Content/Assets/UI/IceButtons.uasset" 39
"D:/University/Uni Year 3/IGP/IceBlastGame/Content/Assets/UI/IceButton_Standered.uasset" 40
"D:/University/Uni Year 3/IGP/IceBlastGame/Content/Blueprints/JAKES/UI/MainMenu.uasset" 41
"D:/University/Uni Year 3/IGP/IceBlastGame/Content/Blueprints/UI/MainMenu.uasset" 42
"D:/University/Uni Year 3/IGP/IceBlastGame/Content/InfinityBladeIceLands/Environments/Ice/Env_Ice_Mountain/Textures/T_HangingIce_N.uasset" 43
"D:/University/Uni Year 3/IGP/IceBlastGame/Content/InfinityBladeIceLands/Environments/Ice/Env_Ice_Mountain/Textures/T_HangingIce_Bump.uasset" 44
"D:/University/Uni Year 3/IGP/IceBlastGame/Content/InfinityBladeIceLands/Environments/Ice/Env_Ice_Mountain/Textures/T_HangingIce_D.uasset" 45
"D:/University/Uni Year 3/IGP/IceBlastGame/Content/InfinityBladeIceLands/IceBlast/Materials/M_HangingIce.uasset" 46
"D:/University/Uni Year 3/IGP/IceBlastGame/Content/InfinityBladeIceLands/IceBlast/StaticMeshes/SM_HangingIce01.uasset" 47
"D:/University/Uni Year 3/IGP/IceBlastGame/Content/InfinityBladeIceLands/IceBlast/StaticMeshes/SM_HangingIce03.uasset" 48
"D:/University/Uni Year 3/IGP/IceBlastGame/Content/OtherContent/Geometry/Meshes/CubeMaterial.uasset" 49
"D:/University/Uni Year 3/IGP/IceBlastGame/Content/OtherContent/Geometry/Meshes/1M_Cube_Chamfer.uasset" 50
"D:/University/Uni Year 3/IGP/IceBlastGame/Content/OtherContent/Geometry/Meshes/TemplateFloor.uasset" 51
"D:/University/Uni Year 3/IGP/IceBlastGame/Content/OtherContent/Mannequin/Character/Mesh/UE4_Mannequin_Skeleton.uasset" 52
"../../../Engine/Content/Animation/DefaultAnimCurveCompressionSettings.uasset" 53
"../../../Engine/Content/Animation/DefaultAnimBoneCompressionSettings.uasset" 54
"D:/University/Uni Year 3/IGP/IceBlastGame/Content/OtherContent/Mannequin/Animations/ThirdPersonJump_End.uasset" 55
"D:/University/Uni Year 3/IGP/IceBlastGame/Content/OtherContent/Mannequin/Character/Mesh/SK_Mannequin_Female_PhysicsAsset.uasset" 56
"D:/University/Uni Year 3/IGP/IceBlastGame/Content/OtherContent/Mannequin/Character/Textures/T_UE4Logo_N.uasset" 57
"D:/University/Uni Year 3/IGP/IceBlastGame/Content/OtherContent/Mannequin/Character/Textures/T_UE4Logo_Mask.uasset" 58
"D:/University/Uni Year 3/IGP/IceBlastGame/Content/OtherContent/Mannequin/Character/Textures/T_Male_N.uasset" 59
"D:/University/Uni Year 3/IGP/IceBlastGame/Content/OtherContent/Mannequin/Character/Textures/T_Male_Mask.uasset" 60
"D:/University/Uni Year 3/IGP/IceBlastGame/Content/OtherContent/Mannequin/Character/Materials/MaterialLayers/T_ML_Rubber_Blue_01_N.uasset" 61
"D:/University/Uni Year 3/IGP/IceBlastGame/Content/OtherContent/Mannequin/Character/Materials/MaterialLayers/T_ML_Rubber_Blue_01_D.uasset" 62
"D:/University/Uni Year 3/IGP/IceBlastGame/Content/OtherContent/Mannequin/Character/Materials/MaterialLayers/T_ML_Aluminum01_N.uasset" 63
"D:/University/Uni Year 3/IGP/IceBlastGame/Content/OtherContent/Mannequin/Character/Materials/MaterialLayers/T_ML_Aluminum01.uasset" 64
"D:/University/Uni Year 3/IGP/IceBlastGame/Content/OtherContent/Mannequin/Character/Materials/MaterialLayers/ML_SoftMetal_UE4.uasset" 65
"D:/University/Uni Year 3/IGP/IceBlastGame/Content/OtherContent/Mannequin/Character/Materials/MaterialLayers/ML_Plastic_Shiny_Beige_LOGO.uasset" 66
"D:/University/Uni Year 3/IGP/IceBlastGame/Content/OtherContent/Mannequin/Character/Materials/MaterialLayers/ML_Plastic_Shiny_Beige.uasset" 67
"D:/University/Uni Year 3/IGP/IceBlastGame/Content/OtherContent/Mannequin/Character/Materials/MaterialLayers/ML_GlossyBlack_Latex_UE4.uasset" 68
"../../../Engine/Content/Functions/MaterialLayerFunctions/MatLayerBlend_Simple.uasset" 69
"../../../Engine/Content/Functions/Engine_MaterialFunctions02/Utility/BlendAngleCorrectedNormals.uasset" 70
"../../../Engine/Content/Functions/MaterialLayerFunctions/MatLayerBlend_NormalBlend.uasset" 71
"D:/University/Uni Year 3/IGP/IceBlastGame/Content/OtherContent/Mannequin/Character/Materials/M_Male_Body.uasset" 72
"D:/University/Uni Year 3/IGP/IceBlastGame/Content/OtherContent/Mannequin/Character/Materials/M_UE4Man_ChestLogo.uasset" 73
"D:/University/Uni Year 3/IGP/IceBlastGame/Content/OtherContent/Mannequin/Character/Textures/T_Female_N.uasset" 74
"D:/University/Uni Year 3/IGP/IceBlastGame/Content/OtherContent/Mannequin/Character/Textures/T_Female_Mask.uasset" 75
"D:/University/Uni Year 3/IGP/IceBlastGame/Content/OtherContent/Mannequin/Character/Materials/MI_Female_Body.uasset" 76
"D:/University/Uni Year 3/IGP/IceBlastGame/Content/OtherContent/Mannequin/Character/Mesh/SK_Mannequin_Female.uasset" 77
"D:/University/Uni Year 3/IGP/IceBlastGame/Content/OtherContent/Mannequin/Character/Mesh/SK_Mannequin_PhysicsAsset.uasset" 78
"D:/University/Uni Year 3/IGP/IceBlastGame/Content/OtherContent/Mannequin/Character/Mesh/SK_Mannequin.uasset" 79
"D:/University/Uni Year 3/IGP/IceBlastGame/Content/OtherContent/Mannequin/Animations/ThirdPersonWalk.uasset" 80
"D:/University/Uni Year 3/IGP/IceBlastGame/Content/OtherContent/Mannequin/Animations/ThirdPersonRun.uasset" 81
"D:/University/Uni Year 3/IGP/IceBlastGame/Content/OtherContent/Mannequin/Animations/ThirdPersonIdle.uasset" 82
"D:/University/Uni Year 3/IGP/IceBlastGame/Content/OtherContent/Mannequin/Animations/ThirdPerson_IdleRun_2D.uasset" 83
"D:/University/Uni Year 3/IGP/IceBlastGame/Content/OtherContent/Mannequin/Animations/ThirdPerson_Jump.uasset" 84
"D:/University/Uni Year 3/IGP/IceBlastGame/Content/OtherContent/Mannequin/Animations/ThirdPersonJump_Start.uasset" 85
"D:/University/Uni Year 3/IGP/IceBlastGame/Content/OtherContent/Mannequin/Animations/ThirdPersonJump_Loop.uasset" 86
"D:/University/Uni Year 3/IGP/IceBlastGame/Content/OtherContent/Mannequin/Animations/ThirdPerson_AnimBP.uasset" 87
"D:/University/Uni Year 3/IGP/IceBlastGame/Content/SideScrollerCPP/Blueprints/SideScrollerCharacter.uasset" 88
"D:/University/Uni Year 3/IGP/IceBlastGame/Content/OtherContent/SideScrollerCPP/Blueprints/SideScrollerCharacter.uasset" 89
"../../../Engine/Content/EngineMaterials/T_Default_Material_Grid_N.uasset" 90
"../../../Engine/Content/EngineMaterials/T_Default_Material_Grid_M.uasset" 91
"../../../Engine/Content/Functions/Engine_MaterialFunctions01/Opacity/CameraDepthFade.uasset" 92
"../../../Engine/Content/EngineMaterials/WorldGridMaterial.uasset" 93
"../../../Engine/Content/ArtTools/RenderToTexture/Meshes/S_1_Unit_Plane.uasset" 94
"../../../Engine/Content/EngineMaterials/DefaultMaterial.uasset" 95
"../../../Engine/Content/BasicShapes/Cone.uasset" 96
"../../../Engine/Content/BasicShapes/Plane.uasset" 97
"../../../Engine/Content/EditorLandscapeResources/DataLayer.uasset" 98
"../../../Engine/Content/EditorLandscapeResources/DefaultAlphaTexture.uasset" 99
"../../../Engine/Content/EditorMaterials/MAT_Groups_Toggle.uasset" 100
"../../../Engine/Content/EditorMaterials/MAT_Groups_Visibility.uasset" 101
"../../../Engine/Content/EditorMaterials/PreviewShadowIndicator.uasset" 102
"../../../Engine/Content/EditorMaterials/PreviewShadowIndicatorMaterial.uasset" 103
"../../../Engine/Content/EditorMaterials/MatineeGroups/MAT_ColorTrack.uasset" 104
"../../../Engine/Content/EditorMaterials/MatineeGroups/MAT_Groups_Anim.uasset" 105
"../../../Engine/Content/EditorMaterials/MatineeGroups/MAT_Groups_AudioMaster.uasset" 106
"../../../Engine/Content/EditorMaterials/MatineeGroups/MAT_Groups_Director.uasset" 107
"../../../Engine/Content/EditorMaterials/MatineeGroups/MAT_Groups_Event.uasset" 108
"../../../Engine/Content/EditorMaterials/MatineeGroups/MAT_Groups_Fade.uasset" 109
"../../../Engine/Content/EditorMaterials/MatineeGroups/MAT_Groups_Float.uasset" 110
"../../../Engine/Content/EditorMaterials/MatineeGroups/MAT_Groups_Move.uasset" 111
"../../../Engine/Content/EditorMaterials/MatineeGroups/MAT_Groups_Slomo.uasset" 112
"../../../Engine/Content/EditorMaterials/MatineeGroups/MAT_Groups_Sound.uasset" 113
"../../../Engine/Content/EditorMaterials/MatineeGroups/MAT_Groups_Vector.uasset" 114
"../../../Engine/Content/EditorMaterials/ParticleSystems/PSysThumbnail_NoImage.uasset" 115
"../../../Engine/Content/EditorMaterials/ParticleSystems/PSysThumbnail_OOD.uasset" 116
"../../../Engine/Content/EditorMaterials/Camera/CineMat.uasset" 117
"../../../Engine/Content/EditorMaterials/Camera/MI_CineMat_Rig.uasset" 118
"../../../Engine/Content/EditorMeshes/Camera/SM_CraneRig_Arm.uasset" 119
"../../../Engine/Content/EditorMeshes/Camera/SM_CraneRig_Base.uasset" 120
"../../../Engine/Content/EditorMeshes/Camera/SM_CraneRig_Body.uasset" 121
"../../../Engine/Content/EditorMeshes/Camera/SM_CraneRig_Mount.uasset" 122
"../../../Engine/Content/EditorMeshes/Camera/SM_RailRig_Mount.uasset" 123
"../../../Engine/Content/EditorMeshes/Camera/SM_RailRig_Track.uasset" 124
"../../../Engine/Content/EditorResources/BSPVertex.uasset" 125
"../../../Engine/Content/EditorResources/EmptyActor.uasset" 126
"../../../Engine/Content/EditorResources/S_Actor.uasset" 127
"../../../Engine/Content/EditorResources/S_Note.uasset" 128
"../../../Engine/Content/EditorResources/S_Solver.uasset" 129
"../../../Engine/Content/EditorResources/S_Terrain.uasset" 130
"../../../Engine/Content/EditorResources/S_Trigger.uasset" 131
"../../../Engine/Content/EditorResources/LightIcons/S_LightError.uasset" 132
"../../../Engine/Content/EditorResources/SequenceRecorder/Countdown.uasset" 133
"../../../Engine/Content/EditorResources/SequenceRecorder/RecordingIndicator.uasset" 134
"../../../Engine/Content/EngineDamageTypes/DmgTypeBP_Environmental.uasset" 135
"../../../Engine/Content/EngineDebugMaterials/DebugEditorMaterial.uasset" 136
"../../../Engine/Content/EngineDebugMaterials/DebugMeshMaterial.uasset" 137
"../../../Engine/Content/EngineDebugMaterials/M_SimpleUnlitTranslucent.uasset" 138
"../../../Engine/Content/EngineDebugMaterials/VolumeToRender.uasset" 139
"../../../Engine/Content/Functions/Engine_MaterialFunctions02/Utility/CameraDirectionVector.uasset" 140
"../../../Engine/Content/EngineDebugMaterials/M_VolumeRenderSphereTracePP.uasset" 141
"../../../Engine/Content/Functions/Engine_MaterialFunctions01/Shading/ConvertFromDiffSpec.uasset" 142
"../../../Engine/Content/EngineDebugMaterials/VertexColorMaterial.uasset" 143
"../../../Engine/Content/EngineDebugMaterials/WireframeMaterial.uasset" 144
"../../../Engine/Content/EngineFonts/Faces/RobotoRegular.uasset" 145
"../../../Engine/Content/EngineFonts/Faces/RobotoLight.uasset" 146
"../../../Engine/Content/EngineFonts/Faces/RobotoItalic.uasset" 147
"../../../Engine/Content/EngineFonts/Faces/RobotoBoldItalic.uasset" 148
"../../../Engine/Content/EngineFonts/Faces/RobotoBold.uasset" 149
"../../../Engine/Content/EngineFonts/Roboto.uasset" 150
"../../../Engine/Content/EngineMaterials/BaseFlattenNormalMap.uasset" 151
"../../../Engine/Content/EngineMaterials/BaseFlattenGrayscaleMap.uasset" 152
"../../../Engine/Content/EngineMaterials/BaseFlattenEmissiveMap.uasset" 153
"../../../Engine/Content/EngineMaterials/BaseFlattenDiffuseMap.uasset" 154
"../../../Engine/Content/EngineMaterials/BaseFlattenMaterial.uasset" 155
"../../../Engine/Content/EngineMaterials/BlueNoise.uasset" 156
"../../../Engine/Content/EngineMaterials/DefaultBloomKernel.uasset" 157
"../../../Engine/Content/EngineMaterials/DefaultBokeh.uasset" 158
"../../../Engine/Content/EngineMaterials/DefaultDiffuse.uasset" 159
"../../../Engine/Content/EngineMaterials/DefaultDeferredDecalMaterial.uasset" 160
"../../../Engine/Content/EngineMaterials/DefaultLightFunctionMaterial.uasset" 161
"../../../Engine/Content/EngineMaterials/DefaultPhysicalMaterial.uasset" 162
"../../../Engine/Content/Functions/Engine_MaterialFunctions02/Utility/BreakOutFloat2Components.uasset" 163
"../../../Engine/Content/EngineMaterials/DefaultPostProcessMaterial.uasset" 164
"../../../Engine/Content/EngineFonts/RobotoDistanceField.uasset" 165
"../../../Engine/Content/EngineMaterials/DefaultTextMaterialOpaque.uasset" 166
"../../../Engine/Content/EngineMaterials/DefaultWhiteGrid.uasset" 167
"../../../Engine/Content/EngineMaterials/DefaultWhiteGrid_Low.uasset" 168
"../../../Engine/Content/EngineMaterials/EmissiveMeshMaterial.uasset" 169
"../../../Engine/Content/EngineMaterials/GizmoMaterial.uasset" 170
"../../../Engine/Content/EngineMaterials/MiniFont.uasset" 171
"../../../Engine/Content/EngineMaterials/InvalidLightmapSettings.uasset" 172
"../../../Engine/Content/EngineMaterials/M_InvalidLightmapSettings.uasset" 173
"../../../Engine/Content/Functions/Engine_MaterialFunctions02/WorldPositionOffset/CameraOffset.uasset" 174
"../../../Engine/Content/EngineMaterials/PhAT_JointLimitMaterial.uasset" 175
"../../../Engine/Content/EngineMaterials/PreintegratedSkinBRDF.uasset" 176
"../../../Engine/Content/EngineMaterials/RemoveSurfaceMaterial.uasset" 177
"../../../Engine/Content/EngineMaterials/WeightMapPlaceholderTexture.uasset" 178
"../../../Engine/Content/EngineResources/WhiteSquareTexture.uasset" 179
"../../../Engine/Content/EngineMaterials/Widget3DPassThrough.uasset" 180
"../../../Engine/Content/EngineMaterials/Widget3DPassThrough_Masked.uasset" 181
"../../../Engine/Content/EngineMaterials/Widget3DPassThrough_Opaque.uasset" 182
"../../../Engine/Content/EngineMaterials/Widget3DPassThrough_Masked_OneSided.uasset" 183
"../../../Engine/Content/EngineMaterials/Widget3DPassThrough_Opaque_OneSided.uasset" 184
"../../../Engine/Content/EngineMaterials/Widget3DPassThrough_Translucent.uasset" 185
"../../../Engine/Content/EngineMaterials/Widget3DPassThrough_Translucent_OneSided.uasset" 186
"../../../Engine/Content/EngineMeshes/Cylinder.uasset" 187
"../../../Engine/Content/EngineMeshes/Sphere.uasset" 188
"../../../Engine/Content/EngineResources/Black.uasset" 189
"../../../Engine/Content/EngineResources/DefaultTextureCube.uasset" 190
"../../../Engine/Content/EngineResources/DefaultVolumeTexture2D.uasset" 191
"../../../Engine/Content/EngineResources/DefaultVolumeTexture.uasset" 192
"../../../Engine/Content/EngineResources/GradientTexture0.uasset" 193
"../../../Engine/Content/EngineSky/VolumetricClouds/T_NoiseShape64.uasset" 194
"../../../Engine/Content/EngineSky/VolumetricClouds/T_VolumeNoiseShape64.uasset" 195
"../../../Engine/Content/EngineSky/VolumetricClouds/T_NoiseErosion.uasset" 196
"../../../Engine/Content/EngineSky/VolumetricClouds/T_VolumeNoiseErosion32.uasset" 197
"../../../Engine/Content/EngineSky/VolumetricClouds/CloudWeatherTexture.uasset" 198
"../../../Engine/Content/EngineSky/VolumetricClouds/CloudGradientTexture.uasset" 199
"../../../Engine/Content/Functions/Engine_MaterialFunctions02/Utility/MakeFloat2.uasset" 200
"../../../Engine/Content/EngineSky/VolumetricClouds/m_SimpleVolumetricCloud.uasset" 201
"../../../Engine/Content/EngineSky/VolumetricClouds/m_SimpleVolumetricCloud_Inst.uasset" 202
"../../../Engine/Content/Functions/Engine_MaterialFunctions01/Shading/PowerToRoughness.uasset" 203
"../../../Engine/Content/Maps/Templates/Thumbnails/Default.uasset" 204
"../../../Engine/Content/Maps/Templates/Thumbnails/TimeOfDay.uasset" 205
"../../../Engine/Content/Maps/Templates/Thumbnails/VR-Basic.uasset" 206
"../../../Engine/Content/MobileResources/T_MobileControls_texture.uasset" 207
"../../../Engine/Content/MobileResources/T_MobileMenu2.uasset" 208
"../../../Engine/Content/MobileResources/HUD/AnalogHat.uasset" 209
"../../../Engine/Content/MobileResources/HUD/VirtualJoystick_Thumb.uasset" 210
"../../../Engine/Content/MobileResources/HUD/VirtualJoystick_Background.uasset" 211
"../../../Engine/Content/MobileResources/HUD/DefaultVirtualJoysticks.uasset" 212
"../../../Engine/Content/MobileResources/HUD/LeftVirtualJoystickOnly.uasset" 213
"../../../Engine/Content/MobileResources/HUD/MobileHUDButton1_off.uasset" 214
"../../../Engine/Content/MobileResources/HUD/MobileHUDButton1_on.uasset" 215
"../../../Engine/Content/MobileResources/HUD/MobileHUDButton2_off.uasset" 216
"../../../Engine/Content/MobileResources/HUD/MobileHUDButton2_on.uasset" 217
"../../../Engine/Content/MobileResources/HUD/MobileHUDButton3.uasset" 218
"../../../Engine/Content/MobileResources/HUD/MobileHUDButtonFire.uasset" 219
"../../../Engine/Content/MobileResources/HUD/MobileHUDDirectionPad.uasset" 220
"../../../Engine/Content/MobileResources/HUD/MobileHUDDirectionPad2.uasset" 221
"../../../Engine/Content/MobileResources/HUD/MobileHUDDirectionPad3.uasset" 222
"../../../Engine/Content/MobileResources/HUD/MobileHUDDirectionStick.uasset" 223
"../../../Engine/Content/MobileResources/HUD/T_Castle_ThumbstickInner.uasset" 224
"../../../Engine/Content/MobileResources/HUD/T_Castle_ThumbstickOutter.uasset" 225
"../../../Engine/Content/Tutorial/ContentIntroCurve.uasset" 226
"../../../Engine/Content/Tutorial/Basics/LevelEditorAttract.uasset" 227
"../../../Engine/Content/Tutorial/Basics/TutorialAssets/icon_tab_Levels_40x.uasset" 228
"../../../Engine/Content/Tutorial/Basics/LevelEditorOverview.uasset" 229
"../../../Engine/Content/Tutorial/Installation/InstallingVisualStudioTutorial.uasset" 230
"../../../Engine/Content/VREditor/TransformGizmo/TranslucentTransformGizmoMaterial.uasset" 231
"../../../Engine/Content/VREditor/LaserPointer/VR_LaserPower_01.uasset" 232
"../../../Engine/Content/VREditor/TransformGizmo/TransformGizmoMaterial.uasset" 233
"../../../Engine/Content/VREditor/TransformGizmo/BoundingBoxCorner.uasset" 234
"../../../Engine/Content/VREditor/TransformGizmo/BoundingBoxEdge.uasset" 235
"../../../Engine/Content/VREditor/TransformGizmo/PlaneTranslationHandle.uasset" 236
"../../../Engine/Content/VREditor/TransformGizmo/Xray.uasset" 237
"../../../Engine/Content/VREditor/TransformGizmo/Main.uasset" 238
"../../../Engine/Content/VREditor/TransformGizmo/SM_Sequencer_Key.uasset" 239
"../../../Engine/Content/VREditor/TransformGizmo/SM_Sequencer_Node.uasset" 240
"../../Plugins/2D/Paper2D/Content/PlaceholderTextures/DummySpriteTexture.uasset" 241
"../../Plugins/2D/Paper2D/Content/DummySprite.uasset" 242
"../../Plugins/2D/Paper2D/Content/DefaultPaperTerrainMaterial.uasset" 243
"../../Plugins/2D/Paper2D/Content/DefaultSpriteMaterial.uasset" 244
"../../Plugins/2D/Paper2D/Content/MaskedUnlitSpriteMaterial.uasset" 245
"../../Plugins/2D/Paper2D/Content/OpaqueUnlitSpriteMaterial.uasset" 246
"../../../Engine/Content/Functions/Engine_MaterialFunctions02/ObjectLocalBounds.uasset" 247
"../../../Engine/Content/Functions/Engine_MaterialFunctions02/Utility/BreakOutFloat3Components.uasset" 248
"../../Plugins/Editor/SpeedTreeImporter/Content/SpeedTree9/UnpackInteger3.uasset" 249
"../../Plugins/Editor/SpeedTreeImporter/Content/SpeedTree9/UnpackDirection.uasset" 250
"../../Plugins/Editor/SpeedTreeImporter/Content/SpeedTree9/game_wind_noise.uasset" 251
"../../../Engine/Content/Functions/Engine_MaterialFunctions02/SafeNormalize.uasset" 252
"../../Plugins/Editor/SpeedTreeImporter/Content/SpeedTree9/SpeedTreeWindMotion.uasset" 253
"../../Plugins/Editor/SpeedTreeImporter/Content/SpeedTree9/SpeedTreeBranchMotion.uasset" 254
"../../../Engine/Content/Functions/Engine_MaterialFunctions02/UVs/BoundingBoxBased_0-1_UVW.uasset" 255
"../../Plugins/Editor/SpeedTreeImporter/Content/SpeedTree9/SpeedTreeWind.uasset" 256
"../../Plugins/Editor/SpeedTreeImporter/Content/SpeedTree9/SpeedTreeBillboard.uasset" 257
"../../../Engine/Content/EngineResources/DefaultTexture.uasset" 258
"../../Plugins/Editor/SpeedTreeImporter/Content/SpeedTree9/SpeedTreeBillboardMaster.uasset" 259
"../../Plugins/Editor/SpeedTreeImporter/Content/SpeedTree9/SpeedTreeCameraFacing.uasset" 260
"../../Plugins/Editor/SpeedTreeImporter/Content/SpeedTree9/SpeedTreeMaster.uasset" 261
"../../../Engine/Content/BasicShapes/Cylinder.uasset" 262
"../../../Engine/Content/ArtTools/RenderToTexture/Materials/Debug/M_Emissive_Color.uasset" 263
"../../Plugins/Lumin/MagicLeapPassableWorld/Content/MagicLeapARPinInfoActor.uasset" 264
"../../../Engine/Content/Functions/Engine_MaterialFunctions02/Utility/BreakOutFloat4Components.uasset" 265
"../../../Engine/Content/Functions/Engine_MaterialFunctions02/Utility/MakeFloat3.uasset" 266
"../../Plugins/Runtime/Oculus/OculusVR/Content/Materials/OculusMR_ChromaKey.uasset" 267
"../../Plugins/Runtime/Oculus/OculusVR/Content/Materials/OculusMR_OpaqueColoredMaterial.uasset" 268
"../../Plugins/Runtime/Oculus/OculusVR/Content/Materials/PokeAHoleMaterial.uasset" 269
"D:/University/Uni Year 3/IGP/IceBlastGame/Content/Assets/Materials/Material__25.uasset" 270
"D:/University/Uni Year 3/IGP/IceBlastGame/Content/Assets/Env/Tree1.uasset" 271
"D:/University/Uni Year 3/IGP/IceBlastGame/Content/Assets/Character/IglooFront.uasset" 272
"../../../Engine/Content/EngineSky/T_Sky_Stars.uasset" 273
"../../../Engine/Content/EngineSky/T_Sky_Clouds_M.uasset" 274
"../../../Engine/Content/EngineSky/T_Sky_Blue.uasset" 275
"D:/University/Uni Year 3/IGP/IceBlastGame/Content/InfinityBladeIceLands/Environments/Ice/Ice_Fortress/Textures/T_Snow_Ice_Generic.uasset" 276
"D:/University/Uni Year 3/IGP/IceBlastGame/Content/InfinityBladeIceLands/Environments/Ice/Ice_Fortress/Textures/T_Ice_Ground_Glacial_N.uasset" 277
"D:/University/Uni Year 3/IGP/IceBlastGame/Content/InfinityBladeIceLands/IceBlast/Materials/M_Ice_Ice_Chunk_Glacial.uasset" 278
"../../../Engine/Content/EngineSky/M_Sky_Panning_Clouds2.uasset" 279
"D:/University/Uni Year 3/IGP/IceBlastGame/Content/Maps/Level1_BuiltData.uasset" 280
"D:/University/Uni Year 3/IGP/IceBlastGame/Content/InfinityBladeIceLands/IceBlast/StaticMeshes/SM_HangingIce04.uasset" 281
"D:/University/Uni Year 3/IGP/IceBlastGame/Content/Blueprints/JAKES/UI/TipUI.uasset" 282
"D:/University/Uni Year 3/IGP/IceBlastGame/Content/Blueprints/JAKES/UI/TipSign.uasset" 283
"D:/University/Uni Year 3/IGP/IceBlastGame/Content/Blueprints/JAKES/UI/EndLevelWidget.uasset" 284
"D:/University/Uni Year 3/IGP/IceBlastGame/Content/Blueprints/JAKES/Blueprints/EndLevel.uasset" 285
"../../../Engine/Content/EngineSky/SM_SkySphere.uasset" 286
"../../../Engine/Content/EngineSky/C_Sky_Zenith_Color.uasset" 287
"../../../Engine/Content/EngineSky/C_Sky_Horizon_Color.uasset" 288
"../../../Engine/Content/EngineSky/C_Sky_Cloud_Color.uasset" 289
"../../../Engine/Content/EngineSky/BP_Sky_Sphere.uasset" 290
"D:/University/Uni Year 3/IGP/IceBlastGame/Content/Maps/Level1.umap" 291
"D:/University/Uni Year 3/IGP/IceBlastGame/Content/InfinityBladeIceLands/Environments/Ice/Env_Ice_Terrain/Textures/T_Env_Ice_Frozen_River_N.uasset" 292
"D:/University/Uni Year 3/IGP/IceBlastGame/Content/InfinityBladeIceLands/Environments/Ice/Env_Ice_Terrain/Textures/T_Env_Ice_Frozen_River_D.uasset" 293
"D:/University/Uni Year 3/IGP/IceBlastGame/Content/InfinityBladeIceLands/IceBlast/Materials/M_Env_Ice_Frozen_River_1.uasset" 294
"D:/University/Uni Year 3/IGP/IceBlastGame/Content/Maps/Level2_BuiltData.uasset" 295
"../../../Engine/Content/BasicShapes/Sphere.uasset" 296
"D:/University/Uni Year 3/IGP/IceBlastGame/Content/InfinityBladeIceLands/Environments/Ice/DR_Ice_Mountain/Textures/T_Frozen_Ice_Shards_N.uasset" 297
"D:/University/Uni Year 3/IGP/IceBlastGame/Content/InfinityBladeIceLands/Environments/Ice/DR_Ice_Mountain/Textures/T_Frozen_Ice_Shards_Glow.uasset" 298
"D:/University/Uni Year 3/IGP/IceBlastGame/Content/InfinityBladeIceLands/Environments/Ice/DR_Ice_Mountain/Textures/T_Frozen_Ice_Shards_emissive.uasset" 299
"D:/University/Uni Year 3/IGP/IceBlastGame/Content/InfinityBladeIceLands/IceBlast/Materials/M_Ice_Shards.uasset" 300
"../../Plugins/FX/Niagara/Content/Enums/ENiagaraSystemInactiveMode.uasset" 301
"../../Plugins/FX/Niagara/Content/Enums/ENiagaraSphereDistributionMode.uasset" 302
"../../Plugins/FX/Niagara/Content/Enums/ENiagaraScaleColorMode.uasset" 303
"../../Plugins/FX/Niagara/Content/Enums/ENiagaraRandomnessMode.uasset" 304
"../../Plugins/FX/Niagara/Content/Enums/ENiagaraRandomnessEvaluation.uasset" 305
"../../Plugins/FX/Niagara/Content/Enums/ENiagaraMassByVolume.uasset" 306
"../../Plugins/FX/Niagara/Content/Enums/ENiagaraInactiveMode.uasset" 307
"../../Plugins/FX/Niagara/Content/Enums/ENiagaraExpansionMode.uasset" 308
"../../Plugins/FX/Niagara/Content/Enums/ENiagaraEmitterScalabilityMode_Limited.uasset" 309
"../../Plugins/FX/Niagara/Content/Enums/ENiagaraEmitterLifeCycleMode.uasset" 310
"../../Plugins/FX/Niagara/Content/Enums/ENiagaraCoordinateSpace.uasset" 311
"../../Plugins/FX/Niagara/Content/Enums/ENiagaraChannelCorrelation.uasset" 312
"../../Plugins/FX/Niagara/Content/Enums/ENiagara_UVFlippingMode.uasset" 313
"../../Plugins/FX/Niagara/Content/Enums/ENiagara_SpriteRotationMode.uasset" 314
"../../Plugins/FX/Niagara/Content/Enums/ENiagara_SizeScaleMode.uasset" 315
"../../Plugins/FX/Niagara/Content/Enums/ENiagara_PositionInitializationMode.uasset" 316
"../../Plugins/FX/Niagara/Content/Enums/ENiagara_MassInitializationMode.uasset" 317
"../../Plugins/FX/Niagara/Content/Enums/ENiagara_InfiniteLoopDuration.uasset" 318
"../../Plugins/FX/Niagara/Content/Enums/ENiagara_EmitterStateOptions.uasset" 319
"../../Plugins/FX/Niagara/Content/Enums/ENiagara_ColorInitializationMode.uasset" 320
"../../Plugins/FX/Niagara/Content/Modules/Update/Size/ScaleSpriteSize.uasset" 321
"../../Plugins/FX/Niagara/Content/Modules/Update/Mass/CalculateSizeAndRotationalInertiaByMass.uasset" 322
"../../Plugins/FX/Niagara/Content/Modules/Update/Lifetime/ParticleState.uasset" 323
"../../Plugins/FX/Niagara/Content/Functions/Localspace/TransformBase.uasset" 324
"../../Plugins/FX/Niagara/Content/Functions/Localspace/TransformVector.uasset" 325
"../../Plugins/FX/Niagara/Content/Modules/Update/Forces/GravityForce.uasset" 326
"../../Plugins/FX/Niagara/Content/Modules/Update/Forces/Drag.uasset" 327
"../../Plugins/FX/Niagara/Content/Modules/Update/Color/ScaleColor.uasset" 328
"../../Plugins/FX/Niagara/Content/Functions/System/SystemChangeState.uasset" 329
"../../Plugins/FX/Niagara/Content/Modules/System/SystemState.uasset" 330
"../../Plugins/FX/Niagara/Content/Functions/GetRandomInfo.uasset" 331
"../../Plugins/FX/Niagara/Content/Functions/RandomRangeFloat.uasset" 332
"../../Plugins/FX/Niagara/Content/Functions/RandomUnitVector.uasset" 333
"../../Plugins/FX/Niagara/Content/Functions/RandomVector.uasset" 334
"../../Plugins/FX/Niagara/Content/Functions/DirectionAndLengthSafe.uasset" 335
"../../Plugins/FX/Niagara/Content/Functions/NormalizeDistanceRange.uasset" 336
"../../Plugins/FX/Niagara/Content/Functions/DistanceBasedFalloff.uasset" 337
"../../Plugins/FX/Niagara/Content/Functions/Localspace/SimulationPosition.uasset" 338
"../../Plugins/FX/Niagara/Content/Modules/Spawn/Velocity/AddVelocityFromPoint.uasset" 339
"../../Plugins/FX/Niagara/Content/Functions/SphericalToCartesianCoordinates.uasset" 340
"../../Plugins/FX/Niagara/Content/Functions/V2/CalculateRandomRange.uasset" 341
"../../Plugins/FX/Niagara/Content/Functions/V2/CalculateRandomPointInSphere.uasset" 342
"../../Plugins/FX/Niagara/Content/Functions/Rotation/MultiplyVectorWithQuaternion.uasset" 343
"../../Plugins/FX/Niagara/Content/Functions/Rotation/FindQuatBetween.uasset" 344
"../../Plugins/FX/Niagara/Content/Modules/Spawn/Location/V2/SphereLocation.uasset" 345
"../../Plugins/FX/Niagara/Content/Enums/ENiagara_LifetimeMode.uasset" 346
"../../Plugins/FX/Niagara/Content/Functions/V2/CalculateRandomRangeFloat.uasset" 347
"../../Plugins/FX/Niagara/Content/Functions/LinearColor/HueShiftLinearColor.uasset" 348
"../../Plugins/FX/Niagara/Content/Functions/V2/CalculateRandomRangeInteger.uasset" 349
"../../Plugins/FX/Niagara/Content/Functions/V2/CalculateRandomBool.uasset" 350
"../../Plugins/FX/Niagara/Content/Modules/Spawn/Initialization/V2/InitializeParticle.uasset" 351
"../../Plugins/FX/Niagara/Content/Modules/Solvers/SolveForcesAndVelocity.uasset" 352
"../../Plugins/FX/Niagara/Content/Modules/Emitter/SpawnBurst_Instantaneous.uasset" 353
"../../Plugins/FX/Niagara/Content/Functions/Emitter/EmitterChangeState.uasset" 354
"../../Plugins/FX/Niagara/Content/Enums/ENiagaraExecutionStateManagement.uasset" 355
"../../Plugins/FX/Niagara/Content/Modules/Emitter/EmitterState.uasset" 356
"../../Plugins/FX/Niagara/Content/DynamicInputs/ValueFromCurve/FloatFromCurve.uasset" 357
"../../Plugins/FX/Niagara/Content/DynamicInputs/UniformRange/V2/RandomRangeFloat.uasset" 358
"../../Plugins/FX/Niagara/Content/DynamicInputs/TypeConversions/Vector2DFromFloat.uasset" 359
"../../Plugins/FX/Niagara/Content/DynamicInputs/Helpers/SimulationPosition.uasset" 360
"../../Plugins/FX/Niagara/Content/DefaultAssets/DefaultSpriteMaterial.uasset" 361
"D:/University/Uni Year 3/IGP/IceBlastGame/Content/Blueprints/JAKES/Particle/BoostParticle.uasset" 362
"D:/University/Uni Year 3/IGP/IceBlastGame/Content/Blueprints/Pickups/BP_DirectionChange.uasset" 363
"D:/University/Uni Year 3/IGP/IceBlastGame/Content/Maps/Level2.umap" 364
"D:/University/Uni Year 3/IGP/IceBlastGame/Content/InfinityBladeIceLands/Environments/Ice/EX_Env_Ice_1/Textures/T_cliff2_N.uasset" 365
"D:/University/Uni Year 3/IGP/IceBlastGame/Content/InfinityBladeIceLands/Environments/Ice/EX_Env_Ice_1/Textures/T_cliff1_D.uasset" 366
"D:/University/Uni Year 3/IGP/IceBlastGame/Content/InfinityBladeIceLands/IceBlast/Materials/M_Cliff1_Ice_1.uasset" 367
"D:/University/Uni Year 3/IGP/IceBlastGame/Content/Maps/Level3_BuiltData.uasset" 368
"../../../Engine/Content/EngineMaterials/Good64x64TilingNoiseHighFreq.uasset" 369
"../../../Engine/Content/Functions/Engine_MaterialFunctions02/Texturing/ScreenAlignedPixelToPixelUVs.uasset" 370
"../../../Engine/Content/Functions/Engine_MaterialFunctions02/Utility/DitherTemporalAA.uasset" 371
"D:/University/Uni Year 3/IGP/IceBlastGame/Content/Assets/Materials/M_Ice.uasset" 372
"D:/University/Uni Year 3/IGP/IceBlastGame/Content/Blueprints/Enemies/Drifter/Texture_Ice_Drifter.uasset" 373
"D:/University/Uni Year 3/IGP/IceBlastGame/Content/Assets/Materials/MI_Ice_Drifter.uasset" 374
"D:/University/Uni Year 3/IGP/IceBlastGame/Content/Blueprints/Interfaces/BPI_Enemies.uasset" 375
"D:/University/Uni Year 3/IGP/IceBlastGame/Content/Blueprints/Enemies/Drifter/01_-_Default.uasset" 376
"D:/University/Uni Year 3/IGP/IceBlastGame/Content/Blueprints/Enemies/Drifter/SM_IceDriftCharacter.uasset" 377
"D:/University/Uni Year 3/IGP/IceBlastGame/Content/Blueprints/Enemies/Drifter/BP_Drifter.uasset" 378
"D:/University/Uni Year 3/IGP/IceBlastGame/Content/Blueprints/Enemies/Drifter/BP_DrifterSpawner.uasset" 379
"D:/University/Uni Year 3/IGP/IceBlastGame/Content/Maps/Level3.umap" 380
"D:/University/Uni Year 3/IGP/IceBlastGame/Content/InfinityBladeIceLands/Environments/Ice/Env_Ice_Terrain/Textures/T_Env_Ice_Ground_Gravel_Snow_D.uasset" 381
"D:/University/Uni Year 3/IGP/IceBlastGame/Content/InfinityBladeIceLands/Environments/Ice/Env_Ice_Terrain/Textures/T_Env_Ice_Ground_Gravel_N.uasset" 382
"D:/University/Uni Year 3/IGP/IceBlastGame/Content/InfinityBladeIceLands/IceBlast/Materials/M_Env_Ice_Ground_Gravel.uasset" 383
"D:/University/Uni Year 3/IGP/IceBlastGame/Content/Maps/Level4_BuiltData.uasset" 384
"D:/University/Uni Year 3/IGP/IceBlastGame/Content/InfinityBladeIceLands/IceBlast/StaticMeshes/SM_HangingIce02.uasset" 385
"D:/University/Uni Year 3/IGP/IceBlastGame/Content/Blueprints/Enemies/IceSickle/BP_IceSickle.uasset" 386
"../../../Engine/Content/BasicShapes/Cube.uasset" 387
"D:/University/Uni Year 3/IGP/IceBlastGame/Content/Blueprints/Enemies/IceSickle/BP_IceManager.uasset" 388
"D:/University/Uni Year 3/IGP/IceBlastGame/Content/Blueprints/DeathZone/BP_KillZone.uasset" 389
"D:/University/Uni Year 3/IGP/IceBlastGame/Content/Maps/Level4.umap" 390
"D:/University/Uni Year 3/IGP/IceBlastGame/Content/Maps/Level5_BuiltData.uasset" 391
"D:/University/Uni Year 3/IGP/IceBlastGame/Content/Maps/Level5.umap" 392
"D:/University/Uni Year 3/IGP/IceBlastGame/Content/Maps/Level6.umap" 393
"D:/University/Uni Year 3/IGP/IceBlastGame/Content/InfinityBladeIceLands/IceBlast/StaticMeshes/SM_HangingIce00.uasset" 394
"D:/University/Uni Year 3/IGP/IceBlastGame/Content/Maps/MainMenuLevel_BuiltData.uasset" 395
"D:/University/Uni Year 3/IGP/IceBlastGame/Content/Assets/Sounds/IceBlastMusic_SoundWave.uasset" 396
"D:/University/Uni Year 3/IGP/IceBlastGame/Content/Assets/Sounds/IceBlastMusic_Cue.uasset" 397
"D:/University/Uni Year 3/IGP/IceBlastGame/Content/Blueprints/GameModeSetup/GM_MainMenu.uasset" 398
"D:/University/Uni Year 3/IGP/IceBlastGame/Content/Maps/MainMenuLevel.umap" 399
"D:/University/Uni Year 3/IGP/IceBlastGame/Content/OtherContent/Geometry/Meshes/1M_Cube.uasset" 400
"D:/University/Uni Year 3/IGP/IceBlastGame/Content/Maps/SideScrollerExampleMap_BuiltData.uasset" 401
"D:/University/Uni Year 3/IGP/IceBlastGame/Content/Maps/SideScrollerExampleMap.umap" 402
"../../../Engine/Content/Maps/Entry_BuiltData.uasset" 403
"../../../Engine/Content/Maps/Entry.umap" 404
